453848
453848
453848
0
0
0
0
0
0
0
956207
956207
2033834
2710362
923281
923281
2002740
2664387
1926385
1926385
1316303
1316303
0
0
0
0
725269
895511
1306228
1306228
1083600
1083600
1083600
465672
1115839
1556832
1556832
440993
2254898
1359292
261949
837955
754581
0
0
2834523
1433366
1433366
756565
0
0
1560057
1560057
1560057
1565818
1565818
0
0
1078339
1924300
845961
991154
145193
0
701339
1550681
849342
0
1267085
1267085
510846
510846
683521
683521
0
0
655425
655425
1278823
780488
780488
1380089
599601
590236
1474583
639758
639758
983752
1029501
774531
272208
887411
887411
427213
427213
979570
0
1749368
0
0
477727
477727
0
0
194982
0
25882
1303720
1913412
635574
635574
635574
835305
1048075
1172868
1172868
1860773
2668773
590376
590376
929441
929441
929441
929441
929441
929441
211501
211501
430957
745063
525607
944655
944655
944655
944655
1083345
1602917
88850
88850
0
0
588358
828884
828884
828884
0
0
22629
22629
1425847
1425847
604681
956647
956647
956647
0
645086
0
844065
0
0
0
0
364381
930163
1779475
2565668
536629
0
0
0
976437
1912202
1764929
1764929
0
0
1752392
2134872
2229115
1871861
2026614
1070022
882643
823952
50121
50121
1619394
1619394
2031604
1986902
1986902
1175099
747254
747254
747254
1634475
1634475
1495383
1495383
570154
1517623
947469
947469
947469
682624
101812
740870
2493483
2125556
2112048
920141
1068250
967127
967127
886512
1420671
772968
984785
1413338
1726054
957546
1184656
1480339
0
0
796370
2058869
804618
804618
1502287
1502287
0
67334
67334
2586732
680419
680419
490578
502352
502352
502352
691269
691269
691269
0
0
1462289
1695872
55494
55494
55494
55494
0
817998
817998
817998
0
311173
1098615
271339
888208
2214777
2714076
1324643
1083527
815427
1420211
1420211
0
0
1162174
151425
151425
0
0
0
0
0
2412689
1545089
1673158
1673158
1673158
1692519
80479
997794
1087282
1941187
0
0
0
0
952082
1006019
1178783
25107
25107
785316
785316
785316
35363
35363
35363
35363
646745
337184
337184
0
0
413364
413364
0
0
612666
0
342983
342983
615479
615479
159793
159793
467532
823392
1866240
1235385
448075
2516077
2246240
2246240
2246240
0
577746
1419095
1568778
1568778
35311
35311
1351739
928072
1553300
890492
810449
810449
836256
1427453
2535465
2535465
2096599
2096599
2096599
2096599
1984564
1984564
1062536
1062536
702756
402415
402415
1624008
1624008
165995
165995
351220
0
0
51658
39516
572527
1429487
1078676
1078676
1078676
221716
0
230537
1937678
1142756
1142756
154844
1805095
0
564227
564227
564227
564227
0
0
1393586
2249290
2249290
1438485
582781
0
0
913295
520568
650487
129919
1177630
2041378
632336
632336
363203
363203
912355
726303
619426
1543576
1012055
769190
769190
793690
793690
793690
940107
146417
811062
2734329
745798
1697416
1697416
3352330
2665589
3074669
1544979
0
0
1480263
1480263
1857001
1702153
1702153
1243519
1243519
1221142
303720
1473362
6454
6454
6454
757775
0
0
0
0
0
230509
230509
0
0
626244
626244
705752
0
0
1543716
604307
604307
682568
2175132
2175132
1203672
602625
686331
3424219
2306426
1288326
2084811
863896
863896
769137
0
345455
345455
857524
857524
857524
512069
512069
0
691865
0
144604
144604
144604
786743
786743
786743
786743
377179
494496
704029
704029
504820
504820
0
0
0
1142925
1142925
1361541
1361541
218616
0
0
851995
851995
851995
0
217811
