898314
898314
898314
898314
898314
898314
898314
898314
1254057
2120750
2423596
2423596
2423596
302846
302846
1016082
2004610
2004610
2004610
988528
275442
275442
275442
275442
275442
275442
4962662
4971462
5303708
5303708
5303708
6250510
2981600
2114944
2106144
2947510
2615264
2615264
2615264
1668462
2560773
1733677
1733677
1466623
1466623
1466623
1042219
771706
771706
771706
3119493
3093129
3093129
0
0
0
363367
363367
1233268
1233268
1233268
1233268
248222
248222
248222
248222
696101
696101
1056268
1410171
1284967
2644560
2644560
1749351
1275435
786758
786758
786758
2013396
2013396
2003829
2506373
144131
144131
144131
144131
690728
1182051
1786170
2121654
2121654
1430926
939603
939603
939603
939603
1133195
797711
797711
797711
797711
797711
284253
284253
288961
1125847
1125847
1125847
1719790
1719790
170994
170994
170994
182843
182843
586941
586941
518149
518149
1395557
2271127
2259278
2259278
2624211
2624211
1644601
3477178
3057820
3057820
3594064
2525521
1588894
1622593
424448
96267
1264678
1264678
3897365
4599497
5551666
3805076
3805076
2813730
4070898
4459812
4459812
921623
332945
332945
633135
1012996
1323357
1323357
1323357
0
125033
247374
790727
790727
1232282
1109941
1109941
1109941
1109941
566588
0
0
543470
543470
543470
1221548
1221548
1581961
1511348
451365
451365
451365
451365
624227
4673119
2606911
2593196
1161268
813107
292138
292138
949788
949788
672500
2588054
2072490
2928473
2253053
2480326
3069244
2904162
2106841
2106841
1984738
2252884
1720957
3721254
2566566
1787692
2968870
2665082
2665082
934507
1785977
1785977
1785977
2434162
2434162
4357002
4431194
5365014
5365014
3579037
3229305
4711953
4784385
4784385
4715755
4417302
2710746
1833206
0
0
2118236
2118236
2118236
3310472
3952012
3952012
2934687
2934687
2039802
1367835
731740
731740
726295
2048639
1262716
1544012
2823844
2251003
272936
139587
743879
743879
743879
820656
216364
1243372
1243372
1243372
1301320
1684330
1420442
1899460
171272
8206
2248013
2429352
2691144
2691144
2691144
2691144
2580390
822585
315068
1124223
2316040
2608476
2608476
2026768
2434896
1367657
841959
841959
1109550
1840065
1840065
2102429
3133753
1499884
1499884
1716921
2951526
1217195
622294
622294
622294
622294
1128429
1128429
1229549
101120
824798
575406
0
0
365990
3300769
3118717
3118717
2544161
1589041
2581293
2581293
4659062
4659062
3778013
1030495
588152
588152
588152
613287
1259154
848464
671002
645867
422419
1337775
2171208
2171208
2171208
2571095
3630053
2755963
2549331
3517121
3008689
2545004
2743509
2386366
3247603
2406773
1752810
1752810
2253950
3371077
2503027
2133853
2754066
551561
551561
551561
1210442
691453
691453
1050063
497564
497564
497564
1812834
4154541
5229207
4849222
2840308
2840308
3138451
3807416
3807416
3807416
2888055
2888055
3984685
2331371
2268059
2268059
1404617
2342670
2342670
2342670
1032985
1368526
2654576
3328755
2078570
2275837
3034641
2238071
2238071
2238071
1260633
2357498
1598694
680190
680190
1407587
1553805
1800127
2671734
2394417
3300498
2654687
1683180
1683180
1643865
904107
1915332
1703374
1703374
1703374
1703374
1399626
1154387
1867286
2059772
2059772
2590350
4239269
3899404
3899404
3169894
1443844
1443844
1443844
1443844
1337732
1337732
1169804
1169804
2312460
2509066
2254067
1656273
1656273
1656273
1858783
1681870
1811494
1811494
129624
623363
623363
2622957
2622957
3112854
3112854
3819668
3819668
3555903
2685010
2045537
1150072
1908776
1229499
1061511
1812949
1273107
2160001
3001238
3178192
3565733
2678839
1837602
990208
990208
990208
886502
1545075
1502003
1502003
1502003
2016714
2606712
3520386
3520386
3968235
3945934
4719968
4375951
4375951
3108444
963835
963835
963835
1555656
1555656
710642
710642
1000270
1000270
1272202
1272202
3062050
3255593
2867261
1787647
809506
905120
188824
1424692
1906119
1986777
1986777
1986777
1328961
1452832
1288549
0
0
