0
0
0
0
0
0
0
0
530694
0
0
0
0
660552
0
0
0
0
0
0
0
0
739518
0
0
0
0
0
0
0
0
0
0
0
0
0
0
192186
256487
0
0
0
0
0
0
0
0
0
940461
0
0
0
350256
0
0
0
0
0
698975
0
0
0
0
21596
0
898225
0
74938
0
451965
281357
0
0
0
81419
0
573593
0
0
0
0
0
0
0
0
331280
0
0
778056
985745
0
0
0
0
0
0
0
0
0
0
0
0
0
0
0
0
0
672312
0
0
0
0
0
0
0
0
0
927560
0
0
0
0
0
0
0
0
0
0
0
0
0
0
0
0
0
0
936808
0
0
0
0
0
0
0
0
0
0
0
0
0
0
0
404876
0
0
0
0
0
351681
0
0
0
735840
0
0
0
0
0
0
0
0
0
0
0
0
0
88309
0
0
0
0
0
0
0
46888
0
0
808765
808765
0
0
0
0
0
0
0
0
0
0
0
0
0
982274
0
0
0
0
0
0
0
0
396738
0
0
0
450748
808223
0
0
0
0
0
0
0
0
0
0
0
0
0
0
0
0
0
0
0
786792
0
0
745007
976688
0
0
0
0
682534
0
0
0
138300
138300
0
0
0
0
0
0
0
1260709
377670
0
0
0
97631
0
0
0
0
0
0
0
0
0
0
0
0
243634
648186
0
0
0
0
0
354343
0
547563
0
0
0
0
0
0
0
0
0
0
727273
168203
0
0
0
0
0
0
0
0
0
0
0
0
0
630469
630469
0
0
0
648641
966532
2297194
0
0
382679
0
0
0
750171
750171
0
0
199471
0
750647
0
0
346710
0
624144
0
0
0
0
0
0
0
0
0
0
0
0
0
0
0
0
0
166181
0
0
0
0
0
0
0
0
0
0
762396
0
0
0
0
0
0
0
0
51325
235926
3301977
859755
0
0
0
0
0
0
0
939569
0
0
0
0
0
0
0
0
0
0
0
0
0
0
0
0
0
0
986974
0
0
0
0
0
0
0
0
0
0
0
0
0
0
0
0
1347442
0
0
0
0
0
0
0
0
217296
0
0
0
0
0
414752
0
0
0
0
0
0
0
0
400268
0
0
0
0
0
0
362534
0
0
0
0
0
0
627113
0
306934
0
0
0
0
597842
0
192217
295199
0
0
0
0
0
0
0
0
0
0
0
895924
26643
0
0
0
0
0
0
0
0
0
0
0
0
0
0
0
0
0
0
0
0
0
0
