729533
845782
535757
0
0
0
0
0
0
1178648
1849582
1849582
2460278
2460278
0
0
0
0
1651659
1493431
1493431
1493431
1493431
2403193
2403193
1278470
1278470
1278470
1468559
4488778
4488778
900632
0
0
0
0
0
0
0
0
1025747
387663
815554
815554
815554
1510137
1510137
1984239
1768054
1345802
1345802
1570699
2225873
2032589
1241814
1886728
1886728
3396550
0
1089586
1089586
1437653
1334233
1334233
3576982
1575433
619940
0
0
0
383442
1155916
1155916
0
0
338520
338520
371543
371543
371543
1143656
548059
1252495
1474899
1968410
2444706
1479939
986428
1086382
299187
299187
299187
1308034
1308034
1208080
1208080
1208080
0
0
0
821118
821118
670589
0
173408
173408
0
0
763565
1950264
1950264
2107670
3097399
1613218
0
0
378648
378648
641463
641463
641463
0
0
0
685502
685502
721440
721440
1140510
0
0
87530
2736076
2736076
1535585
1165798
1165798
680049
680049
680049
680049
853357
853357
959381
106024
563518
563518
297310
22447
215467
239214
0
0
0
1071917
1122475
304533
0
198774
198774
198774
198774
0
0
1311001
451769
84768
84768
0
0
0
1724144
1073965
1402713
1090681
1090681
281792
146490
0
1272448
1272448
1849801
1849801
1849801
1692729
1728950
1426160
206031
59537
59537
59537
387941
2091247
1703306
762243
256285
1154888
1154888
1823589
1275616
452009
570357
570357
570357
1274913
1274913
608899
839489
741666
2357588
2357588
168316
168316
1068835
1068835
1212482
774129
774129
462166
538056
444533
444533
972914
972914
946554
724358
398130
719218
1333992
1333992
1358356
811243
180059
84139
84139
84139
84139
892271
892271
892271
892271
186743
186743
921627
921627
1627778
1478193
0
0
0
810602
625675
1198352
925508
132680
754887
2551874
261754
261754
261754
2064142
904538
66845
397895
397895
397895
1050338
1050338
2138582
2138582
1643080
113200
2239141
980647
980647
980647
749141
597049
479612
342516
1894557
1606888
1827952
742243
1375148
1454781
1824284
1072377
1473143
1473143
846354
846354
662241
1298785
1758473
1982313
1345769
1345769
354090
354090
354090
0
623948
1067733
1067733
2368932
2368932
1375058
1520638
1835029
2761991
1865801
1865801
1407041
926962
0
938542
1556094
1556094
807290
939939
939939
53314
1821347
2319922
551889
479948
479948
2229011
1877419
1877419
720490
1692048
2295965
2295965
1324407
748463
0
0
1996676
995356
54608
497597
249676
1758367
0
0
0
0
0
243823
243823
243823
243823
243823
829014
655366
328949
941652
941652
941652
941652
2597462
0
1932226
879957
1716719
1469038
829351
1705458
1705458
843576
0
2009699
128264
2393896
3039106
537877
880980
1069585
1902571
1357283
1357283
1310200
319905
319905
319905
1299514
1299514
0
0
0
856666
1627116
1100717
636938
412474
676231
676231
0
334156
188633
188633
188633
1432254
1432254
321143
1142989
1142989
696575
1221952
1221952
0
891838
947657
1241443
1399291
0
0
1519250
1356756
1356756
0
0
0
948496
948496
948496
566107
1749358
2260919
555691
864598
864598
864598
1270783
936735
936735
530550
530550
2690350
2690350
2467320
2467320
1955997
1482405
1760873
1650136
1650136
702292
1137190
1137190
1034663
1034663
28496
28496
28496
1221956
1492322
953140
953140
980555
980555
1227052
1227052
1227052
1961565
1961565
1181896
1154810
911827
0
0
0
0
0
0
0
0
0
0
23083
23083
452870
430688
430688
1732824
1782958
1782958
1987754
1987754
1987754
