902065
1417882
1170508
1644978
2218099
2329376
4414979
4933037
3830328
4093984
4093984
3934633
3599796
3599796
3518146
2726254
2952224
2321538
1649955
2503979
3432875
2518575
2265024
2687609
2687609
2205505
1422529
1422529
1455887
1033302
1033302
1168594
1168594
1436945
3310166
3807474
3807474
3807474
3147659
3623552
1853098
1112994
2043795
3835054
3112633
2530984
2504874
1643302
2886814
2886814
3395042
2701155
2570641
1327129
981389
1755185
2393142
2393142
1831167
1831167
1831167
1831167
1057371
943233
1814025
1822503
1822503
1822503
1047597
2783119
2783119
2783119
2783119
2581811
2246782
2246782
1620579
1620579
963908
1969548
3249311
2551548
3375873
3375873
4774301
4774301
5971802
5971802
4425894
4425894
4425894
4350414
2938240
3797147
2648776
3859450
3859450
1835696
1835696
1835696
1835696
1835696
1772503
1883136
1389367
2138923
2138923
2810985
2916687
2227456
2230209
1936513
3755579
2857389
2593759
2593759
2593759
2177541
102631
0
0
0
0
0
0
647995
647995
647995
786900
786900
1480221
1480221
1392018
1341316
1341316
1341316
922650
922650
671948
1341966
1294075
1294075
1294075
1777382
3357433
4428721
3838962
3838962
4539982
5493719
5611407
4095168
3226497
3866789
1399087
1399087
1281399
1969562
1969562
2473024
1770339
1770339
1191625
1538354
3155888
3757254
3968196
3968196
3131741
1233807
2084859
2921580
2921580
2921580
2811281
2811281
2368055
767809
1203969
1203969
1556401
3009733
3009733
3009733
2241924
2114061
2114061
2114061
2727286
1273954
1273954
1273954
1273954
1273954
1273954
1273954
2131756
1697499
1697499
1697499
2883497
2883497
2402291
3090530
1999957
1999957
2041804
1900677
2375385
2262915
2531097
2401834
2497141
2800596
2995092
2374393
3344766
2783214
3516018
3839103
3644607
3644607
2751430
2751430
3394934
2658138
2584368
2584368
1993506
3051204
3051204
3051204
3051204
2046921
2285073
3102625
3102625
3102625
3149730
3149730
2021501
905731
1560693
654962
654962
654962
654962
654962
1445775
1445775
1752210
1752210
1752210
1882032
1680017
1680017
718620
1465401
1303398
1303398
508107
495112
495112
495112
68317
96814
96814
1510616
3291271
4197077
4810627
4916105
5618233
4328327
4384564
2586433
1881244
2100590
1591984
2935429
3415999
3139788
4087926
4087926
3320991
3320991
3320991
3320991
2892538
3252003
3252003
1873042
1776733
2631613
3454912
4392298
4540894
3849153
3973390
3973390
4583572
4583572
3815305
3268392
4259573
4259573
4311435
4311435
4311435
4311435
4311435
2863444
2567808
1606102
1606102
1606102
951171
1281829
877008
1870516
2526967
2368569
2609125
2163157
2860185
3146038
3538584
1448116
883310
883310
883310
883310
738721
1484963
1070067
3084445
3084445
4017056
3693231
2946989
3725326
3725326
1710948
1710948
2889696
1957085
1957085
4105379
2926631
5399688
3618227
2849347
2849347
3648956
3630566
2873843
3221755
2547133
4046395
3733853
4300002
4258215
2247261
2247261
1466377
1537385
1537385
1309811
1199627
1011512
1451793
1451793
2427203
1482604
1482604
2420550
2420550
1909714
1909714
2747527
2747527
2747527
2747527
2747527
2189677
2189677
2189677
853583
2130550
2949244
2949244
2949244
2949244
4478431
4062565
3860685
3860685
2938458
3003388
3003388
3003388
2133041
4597837
4746877
6501543
5508367
4978088
3388061
3388061
2202639
2289492
2058373
2058373
5116064
5319260
5319260
2791985
82075
941635
1186895
1531616
1746811
2226321
3112623
3112623
2897428
1893504
1893504
1893504
2343959
1864520
1864520
2441877
2141964
2141964
3559442
4679432
4679432
4679432
4679432
3880644
3162091
1744613
174168
807854
807854
807854
807854
2420437
2420437
2701867
1506952
1506952
556464
1052227
1052227
2431226
2547400
3004639
1952412
1952412
3251552
3251552
1466962
1466962
1124312
2470910
2470910
1546731
1305022
1697761
2672889
2672889
3465594
3154873
2431796
1991153
1456668
1456668
2073739
5867473
